\BOOKMARK [0][-]{section*.1}{\376\377\116\055\145\207\144\130\211\201}{}% 1
\BOOKMARK [0][-]{section*.2}{\376\377\202\361\145\207\144\130\211\201}{}% 2
\BOOKMARK [0][-]{chapter*.6}{\376\377\176\352\213\272}{}% 3
\BOOKMARK [0][-]{chapter.1}{\376\377\131\032\145\340\116\272\147\072\123\117\124\014\166\204\203\111\123\237\117\356\131\015\227\142\171\357\147\000\131\047\123\026\152\041\127\213}{}% 4
\BOOKMARK [1][-]{section.1.1}{\376\377\124\004\230\171\200\375\221\317\176\246\147\137}{chapter.1}% 5
\BOOKMARK [2][-]{subsection.1.1.1}{\376\377\145\340\116\272\147\072\230\336\210\114\200\375\200\027}{section.1.1}% 6
\BOOKMARK [2][-]{subsection.1.1.2}{\376\377\145\340\116\272\147\072\144\255\171\315\200\375\200\027}{section.1.1}% 7
\BOOKMARK [2][-]{subsection.1.1.3}{\376\377\145\340\116\272\147\072\142\315\161\147\200\375\200\027}{section.1.1}% 8
\BOOKMARK [1][-]{section.1.2}{\376\377\0001\000.\0002\000\040\117\030\123\026\166\356\150\007}{chapter.1}% 9
\BOOKMARK [1][-]{section.1.3}{\376\377\225\356\230\230\143\317\217\360}{chapter.1}% 10
\BOOKMARK [0][-]{chapter.2}{\376\377\173\227\154\325\154\102\211\343\140\035\215\357}{}% 11
\BOOKMARK [1][-]{section.2.1}{\376\377\127\372\116\216\171\136\176\317\177\121\176\334\166\204\145\340\116\272\147\072\203\111\123\237\117\356\131\015\173\126\165\145\117\030\123\026}{chapter.2}% 12
\BOOKMARK [0][-]{chapter.3}{\376\377\127\372\116\216\137\072\123\026\133\146\116\140\166\204\147\000\117\030\117\356\131\015\145\271\150\110}{}% 13
\BOOKMARK [1][-]{section.3.1}{\376\377\232\154\134\024\123\357\131\053\217\307\172\013\136\372\152\041}{chapter.3}% 14
\BOOKMARK [2][-]{subsection.3.1.1}{\376\377\162\266\140\001}{section.3.1}% 15
\BOOKMARK [2][-]{subsection.3.1.2}{\376\377\122\250\117\134}{section.3.1}% 16
\BOOKMARK [2][-]{subsection.3.1.3}{\376\377\162\266\140\001}{section.3.1}% 17
\BOOKMARK [2][-]{subsection.3.1.4}{\376\377\173\126\165\145\121\375\145\160}{section.3.1}% 18
\BOOKMARK [2][-]{subsection.3.1.5}{\376\377\131\126\122\261\121\375\145\160}{section.3.1}% 19
\BOOKMARK [1][-]{section.3.2}{\376\377\171\136\176\317\177\121\176\334\152\041\127\213\147\204\136\372}{chapter.3}% 20
\BOOKMARK [2][-]{subsection.3.2.1}{\376\377\162\171\137\201\143\320\123\326}{section.3.2}% 21
\BOOKMARK [2][-]{subsection.3.2.2}{\376\377\177\026\170\001\126\150}{section.3.2}% 22
\BOOKMARK [2][-]{subsection.3.2.3}{\376\377\211\343\170\001\126\150}{section.3.2}% 23
\BOOKMARK [1][-]{section.3.3}{\376\377\152\041\127\213\213\255\176\303}{chapter.3}% 24
\BOOKMARK [0][-]{chapter.4}{\376\377\131\032\145\340\116\272\147\072\123\117\124\014\214\003\136\246\173\227\154\325}{}% 25
\BOOKMARK [0][-]{chapter.5}{\376\377\133\236\232\214\116\016\122\006\147\220}{}% 26
\BOOKMARK [1][-]{section.5.1}{\376\377\116\377\167\037\221\115\177\156}{chapter.5}% 27
\BOOKMARK [1][-]{section.5.2}{\376\377\133\236\117\213\213\276\177\156}{chapter.5}% 28
\BOOKMARK [1][-]{section.5.3}{\376\377\173\227\154\325\133\371\153\324\213\276\177\156}{chapter.5}% 29
\BOOKMARK [1][-]{section.5.4}{\376\377\123\302\145\160\213\276\177\156}{chapter.5}% 30
\BOOKMARK [1][-]{section.5.5}{\376\377\116\377\167\037\176\323\147\234}{chapter.5}% 31
\BOOKMARK [0][-]{chapter.6}{\376\377\176\323\147\137\213\355}{}% 32
\BOOKMARK [0][-]{section*.11}{\376\377\123\302\200\003\145\207\163\056}{}% 33
\BOOKMARK [0][-]{section*.13}{\376\377\226\104\137\125}{}% 34
\BOOKMARK [0][-]{section*.15}{\376\377\201\364\214\042}{}% 35
