\BOOKMARK [0][-]{section*.1}{\376\377\116\055\145\207\144\130\211\201}{}% 1
\BOOKMARK [0][-]{section*.2}{\376\377\202\361\145\207\144\130\211\201}{}% 2
\BOOKMARK [0][-]{chapter.1}{\376\377\176\352\213\272}{}% 3
\BOOKMARK [1][-]{section.1.1}{\376\377\170\024\172\166\200\314\146\157\116\016\141\017\116\111}{chapter.1}% 4
\BOOKMARK [1][-]{section.1.2}{\376\377\126\375\121\205\131\026\170\024\172\166\163\260\162\266}{chapter.1}% 5
\BOOKMARK [1][-]{section.1.3}{\376\377\170\024\172\166\121\205\133\271}{chapter.1}% 6
\BOOKMARK [0][-]{chapter.2}{\376\377\131\032\145\340\116\272\147\072\123\117\124\014\166\204\203\111\123\237\117\356\131\015\227\142\171\357\147\000\131\047\123\026\152\041\127\213}{}% 7
\BOOKMARK [1][-]{section.2.1}{\376\377\145\340\116\272\147\072\200\375\221\317\155\210\200\027\152\041\127\213}{chapter.2}% 8
\BOOKMARK [2][-]{subsection.2.1.1}{\376\377\230\336\210\114\200\375\200\027}{section.2.1}% 9
\BOOKMARK [2][-]{subsection.2.1.2}{\376\377\144\255\171\315\200\375\200\027}{section.2.1}% 10
\BOOKMARK [2][-]{subsection.2.1.3}{\376\377\117\341\140\157\221\307\226\306\200\375\200\027}{section.2.1}% 11
\BOOKMARK [1][-]{section.2.2}{\376\377\117\030\123\026\166\356\150\007}{chapter.2}% 12
\BOOKMARK [1][-]{section.2.3}{\376\377\145\160\133\146\152\041\127\213}{chapter.2}% 13
\BOOKMARK [1][-]{section.2.4}{\376\377\147\054\172\340\134\017\176\323}{chapter.2}% 14
\BOOKMARK [0][-]{chapter.3}{\376\377\131\032\145\340\116\272\147\072\123\117\124\014\203\111\123\237\117\356\131\015\117\030\123\026\173\227\154\325}{}% 15
\BOOKMARK [1][-]{section.3.1}{\376\377\123\117\124\014\117\356\131\015\225\356\230\230\143\317\217\360}{chapter.3}% 16
\BOOKMARK [1][-]{section.3.2}{\376\377\123\117\124\014\214\003\136\246\147\072\122\066}{chapter.3}% 17
\BOOKMARK [1][-]{section.3.3}{\376\377\122\250\140\001\127\060\126\376\146\364\145\260}{chapter.3}% 18
\BOOKMARK [1][-]{section.3.4}{\376\377\121\263\173\126\116\016\142\147\210\114\155\101\172\013}{chapter.3}% 19
\BOOKMARK [1][-]{section.3.5}{\376\377\232\154\134\024\123\357\131\053\217\307\172\013\136\372\152\041}{chapter.3}% 20
\BOOKMARK [2][-]{subsection.3.5.1}{\376\377\162\266\140\001}{section.3.5}% 21
\BOOKMARK [2][-]{subsection.3.5.2}{\376\377\122\250\117\134}{section.3.5}% 22
\BOOKMARK [2][-]{subsection.3.5.3}{\376\377\162\266\140\001\217\154\171\373}{section.3.5}% 23
\BOOKMARK [2][-]{subsection.3.5.4}{\376\377\173\126\165\145\121\375\145\160}{section.3.5}% 24
\BOOKMARK [2][-]{subsection.3.5.5}{\376\377\131\126\122\261\121\375\145\160}{section.3.5}% 25
\BOOKMARK [1][-]{section.3.6}{\376\377\171\136\176\317\177\121\176\334\152\041\127\213\147\204\136\372}{chapter.3}% 26
\BOOKMARK [2][-]{subsection.3.6.1}{\376\377\162\171\137\201\143\320\123\326\116\016\152\041\127\213\147\266\147\204}{section.3.6}% 27
\BOOKMARK [2][-]{subsection.3.6.2}{\376\377\177\026\170\001\126\150\176\323\147\204}{section.3.6}% 28
\BOOKMARK [2][-]{subsection.3.6.3}{\376\377\211\343\170\001\126\150\176\323\147\204}{section.3.6}% 29
\BOOKMARK [2][-]{subsection.3.6.4}{\376\377\213\255\176\303\155\101\172\013}{section.3.6}% 30
\BOOKMARK [1][-]{section.3.7}{\376\377\147\054\172\340\134\017\176\323}{chapter.3}% 31
\BOOKMARK [0][-]{chapter.4}{\376\377\133\236\232\214\116\016\122\006\147\220}{}% 32
\BOOKMARK [1][-]{section.4.1}{\376\377\116\377\167\037\221\115\177\156}{chapter.4}% 33
\BOOKMARK [1][-]{section.4.2}{\376\377\133\236\117\213\213\276\177\156}{chapter.4}% 34
\BOOKMARK [1][-]{section.4.3}{\376\377\173\227\154\325\133\371\153\324\213\276\177\156}{chapter.4}% 35
\BOOKMARK [1][-]{section.4.4}{\376\377\123\302\145\160\213\276\177\156}{chapter.4}% 36
\BOOKMARK [1][-]{section.4.5}{\376\377\116\377\167\037\176\323\147\234}{chapter.4}% 37
\BOOKMARK [1][-]{section.4.6}{\376\377\147\054\172\340\134\017\176\323}{chapter.4}% 38
\BOOKMARK [0][-]{chapter.5}{\376\377\140\073\176\323\116\016\134\125\147\033}{}% 39
\BOOKMARK [1][-]{section.5.1}{\376\377\140\073\176\323}{chapter.5}% 40
\BOOKMARK [1][-]{section.5.2}{\376\377\134\125\147\033}{chapter.5}% 41
\BOOKMARK [0][-]{section*.15}{\376\377\123\302\200\003\145\207\163\056}{}% 42
\BOOKMARK [0][-]{section*.17}{\376\377\201\364\214\042}{}% 43
